0 info it worked if it ends with ok
1 verbose cli [ 'C:\\Program Files\\nodejs\\node.exe',
1 verbose cli   'C:\\Program Files\\nodejs\\node_modules\\npm\\bin\\npm-cli.js',
1 verbose cli   'install' ]
2 info using npm@4.1.2
3 info using node@v7.7.4
4 silly loadCurrentTree Starting
5 silly install loadCurrentTree
6 silly install readLocalPackageData
7 silly install normalizeTree
8 silly loadCurrentTree Finishing
9 silly loadIdealTree Starting
10 silly install loadIdealTree
11 silly cloneCurrentTree Starting
12 silly install cloneCurrentTreeToIdealTree
13 silly cloneCurrentTree Finishing
14 silly loadShrinkwrap Starting
15 silly install loadShrinkwrap
16 silly loadShrinkwrap Finishing
17 silly loadAllDepsIntoIdealTree Starting
18 silly install loadAllDepsIntoIdealTree
19 silly fetchNamedPackageData fsevents
20 silly mapToRegistry name fsevents
21 silly mapToRegistry using default registry
22 silly mapToRegistry registry https://registry.npmjs.org/
23 silly mapToRegistry data Result {
23 silly mapToRegistry   raw: 'fsevents',
23 silly mapToRegistry   scope: null,
23 silly mapToRegistry   escapedName: 'fsevents',
23 silly mapToRegistry   name: 'fsevents',
23 silly mapToRegistry   rawSpec: '',
23 silly mapToRegistry   spec: 'latest',
23 silly mapToRegistry   type: 'tag' }
24 silly mapToRegistry uri https://registry.npmjs.org/fsevents
25 verbose request uri https://registry.npmjs.org/fsevents
26 verbose request no auth needed
27 info attempt registry request try #1 at 8:08:49 PM
28 verbose request id bd074c0578c4a0be
29 verbose etag W/"597215e7-dd9a"
30 verbose lastModified Fri, 21 Jul 2017 14:55:35 GMT
31 http request GET https://registry.npmjs.org/fsevents
32 info retry will retry, error on last attempt: Error: connect ETIMEDOUT 151.101.0.162:443
33 info attempt registry request try #2 at 8:09:21 PM
34 verbose etag W/"597215e7-dd9a"
35 verbose lastModified Fri, 21 Jul 2017 14:55:35 GMT
36 http request GET https://registry.npmjs.org/fsevents
37 verbose stack Error: kill ENOSYS
37 verbose stack     at exports._errnoException (util.js:1034:11)
37 verbose stack     at process.kill (internal/process.js:188:13)
37 verbose stack     at process.listener (C:\Program Files\nodejs\node_modules\npm\node_modules\npmlog\node_modules\gauge\node_modules\signal-exit\index.js:95:15)
37 verbose stack     at emitNone (events.js:86:13)
37 verbose stack     at process.emit (events.js:188:7)
37 verbose stack     at processEmit (C:\Program Files\nodejs\node_modules\npm\node_modules\npmlog\node_modules\gauge\node_modules\signal-exit\index.js:155:32)
37 verbose stack     at Signal.wrap.onsignal (internal/process.js:215:44)
38 verbose cwd C:\Users\Siva mani\Desktop\ckcprojectlatest
39 error Windows_NT 10.0.14393
40 error argv "C:\\Program Files\\nodejs\\node.exe" "C:\\Program Files\\nodejs\\node_modules\\npm\\bin\\npm-cli.js" "install"
41 error node v7.7.4
42 error npm  v4.1.2
43 error code ENOSYS
44 error errno ENOSYS
45 error syscall kill
46 error kill ENOSYS
47 error If you need help, you may report this error at:
47 error     <https://github.com/npm/npm/issues>
48 verbose exit [ 1, true ]
